# JRE version: OpenJDK Runtime Environment (8.0_76-b03) (build 1.8.0_76-release-b03)
# Java VM: OpenJDK 64-Bit Server VM (25.76-b03 mixed mode windows-amd64 compressed oops)
Heap:
 PSYoungGen      total 421888K, used 9098K [0x00000000e0000000, 0x00000000fd900000, 0x0000000100000000)
  eden space 360448K, 2% used [0x00000000e0000000,0x00000000e08e2938,0x00000000f6000000)
  from space 61440K, 0% used [0x00000000f6000000,0x00000000f6000000,0x00000000f9c00000)
  to   space 61952K, 0% used [0x00000000f9c80000,0x00000000f9c80000,0x00000000fd900000)
 ParOldGen       total 153088K, used 42121K [0x00000000a0000000, 0x00000000a9580000, 0x00000000e0000000)
  object space 153088K, 27% used [0x00000000a0000000,0x00000000a2922620,0x00000000a9580000)
 Metaspace       used 71716K, capacity 73840K, committed 75824K, reserved 1116160K
  class space    used 9011K, capacity 9357K, committed 9776K, reserved 1048576K
GC Heap History (10 events):
Event: 2936.339 GC heap before
{Heap before GC invocations=32 (full 6):
 PSYoungGen      total 335872K, used 44026K [0x00000000e0000000, 0x00000000f9b80000, 0x0000000100000000)
  eden space 291840K, 0% used [0x00000000e0000000,0x00000000e0000000,0x00000000f1d00000)
  from space 44032K, 99% used [0x00000000f5480000,0x00000000f7f7e950,0x00000000f7f80000)
  to   space 56832K, 0% used [0x00000000f1d00000,0x00000000f1d00000,0x00000000f5480000)
 ParOldGen       total 105984K, used 90084K [0x00000000a0000000, 0x00000000a6780000, 0x00000000e0000000)
  object space 105984K, 84% used [0x00000000a0000000,0x00000000a57f90e0,0x00000000a6780000)
 Metaspace       used 70503K, capacity 72660K, committed 74672K, reserved 1114112K
  class space    used 8861K, capacity 9215K, committed 9648K, reserved 1048576K
Event: 2941.459 GC heap after
Heap after GC invocations=32 (full 6):
 PSYoungGen      total 335872K, used 0K [0x00000000e0000000, 0x00000000f9b80000, 0x0000000100000000)
  eden space 291840K, 0% used [0x00000000e0000000,0x00000000e0000000,0x00000000f1d00000)
  from space 44032K, 0% used [0x00000000f5480000,0x00000000f5480000,0x00000000f7f80000)
  to   space 56832K, 0% used [0x00000000f1d00000,0x00000000f1d00000,0x00000000f5480000)
 ParOldGen       total 153088K, used 78354K [0x00000000a0000000, 0x00000000a9580000, 0x00000000e0000000)
  object space 153088K, 51% used [0x00000000a0000000,0x00000000a4c84938,0x00000000a9580000)
 Metaspace       used 70486K, capacity 72614K, committed 74672K, reserved 1114112K
  class space    used 8855K, capacity 9204K, committed 9648K, reserved 1048576K
}
Event: 2942.918 GC heap before
{Heap before GC invocations=33 (full 6):
 PSYoungGen      total 335872K, used 291840K [0x00000000e0000000, 0x00000000f9b80000, 0x0000000100000000)
  eden space 291840K, 100% used [0x00000000e0000000,0x00000000f1d00000,0x00000000f1d00000)
  from space 44032K, 0% used [0x00000000f5480000,0x00000000f5480000,0x00000000f7f80000)
  to   space 56832K, 0% used [0x00000000f1d00000,0x00000000f1d00000,0x00000000f5480000)
 ParOldGen       total 153088K, used 78354K [0x00000000a0000000, 0x00000000a9580000, 0x00000000e0000000)
  object space 153088K, 51% used [0x00000000a0000000,0x00000000a4c84938,0x00000000a9580000)
 Metaspace       used 70510K, capacity 72614K, committed 74672K, reserved 1114112K
  class space    used 8855K, capacity 9204K, committed 9648K, reserved 1048576K
Event: 2943.225 GC heap after
Heap after GC invocations=33 (full 6):
 PSYoungGen      total 348672K, used 40369K [0x00000000e0000000, 0x00000000fd900000, 0x0000000100000000)
  eden space 291840K, 0% used [0x00000000e0000000,0x00000000e0000000,0x00000000f1d00000)
  from space 56832K, 71% used [0x00000000f1d00000,0x00000000f446c6e0,0x00000000f5480000)
  to   space 60416K, 0% used [0x00000000f9e00000,0x00000000f9e00000,0x00000000fd900000)
 ParOldGen       total 153088K, used 78362K [0x00000000a0000000, 0x00000000a9580000, 0x00000000e0000000)
  object space 153088K, 51% used [0x00000000a0000000,0x00000000a4c86938,0x00000000a9580000)
 Metaspace       used 70510K, capacity 72614K, committed 74672K, reserved 1114112K
  class space    used 8855K, capacity 9204K, committed 9648K, reserved 1048576K
}
Event: 2947.005 GC heap before
{Heap before GC invocations=34 (full 6):
 PSYoungGen      total 348672K, used 332209K [0x00000000e0000000, 0x00000000fd900000, 0x0000000100000000)
  eden space 291840K, 100% used [0x00000000e0000000,0x00000000f1d00000,0x00000000f1d00000)
  from space 56832K, 71% used [0x00000000f1d00000,0x00000000f446c6e0,0x00000000f5480000)
  to   space 60416K, 0% used [0x00000000f9e00000,0x00000000f9e00000,0x00000000fd900000)
 ParOldGen       total 153088K, used 78362K [0x00000000a0000000, 0x00000000a9580000, 0x00000000e0000000)
  object space 153088K, 51% used [0x00000000a0000000,0x00000000a4c86938,0x00000000a9580000)
 Metaspace       used 70541K, capacity 72614K, committed 74672K, reserved 1114112K
  class space    used 8855K, capacity 9204K, committed 9648K, reserved 1048576K
Event: 2947.095 GC heap after
Heap after GC invocations=34 (full 6):
 PSYoungGen      total 419840K, used 36635K [0x00000000e0000000, 0x00000000fd800000, 0x0000000100000000)
  eden space 360448K, 0% used [0x00000000e0000000,0x00000000e0000000,0x00000000f6000000)
  from space 59392K, 61% used [0x00000000f9e00000,0x00000000fc1c6cc0,0x00000000fd800000)
  to   space 61440K, 0% used [0x00000000f6000000,0x00000000f6000000,0x00000000f9c00000)
 ParOldGen       total 153088K, used 78362K [0x00000000a0000000, 0x00000000a9580000, 0x00000000e0000000)
  object space 153088K, 51% used [0x00000000a0000000,0x00000000a4c86938,0x00000000a9580000)
 Metaspace       used 70541K, capacity 72614K, committed 74672K, reserved 1114112K
  class space    used 8855K, capacity 9204K, committed 9648K, reserved 1048576K
}
Event: 3005.360 GC heap before
{Heap before GC invocations=35 (full 6):
 PSYoungGen      total 419840K, used 366390K [0x00000000e0000000, 0x00000000fd800000, 0x0000000100000000)
  eden space 360448K, 91% used [0x00000000e0000000,0x00000000f4206d48,0x00000000f6000000)
  from space 59392K, 61% used [0x00000000f9e00000,0x00000000fc1c6cc0,0x00000000fd800000)
  to   space 61440K, 0% used [0x00000000f6000000,0x00000000f6000000,0x00000000f9c00000)
 ParOldGen       total 153088K, used 78362K [0x00000000a0000000, 0x00000000a9580000, 0x00000000e0000000)
  object space 153088K, 51% used [0x00000000a0000000,0x00000000a4c86938,0x00000000a9580000)
 Metaspace       used 71625K, capacity 73750K, committed 75824K, reserved 1116160K
  class space    used 9003K, capacity 9342K, committed 9776K, reserved 1048576K
Event: 3005.459 GC heap after
Heap after GC invocations=35 (full 6):
 PSYoungGen      total 421888K, used 36032K [0x00000000e0000000, 0x00000000fd900000, 0x0000000100000000)
  eden space 360448K, 0% used [0x00000000e0000000,0x00000000e0000000,0x00000000f6000000)
  from space 61440K, 58% used [0x00000000f6000000,0x00000000f83300e0,0x00000000f9c00000)
  to   space 61952K, 0% used [0x00000000f9c80000,0x00000000f9c80000,0x00000000fd900000)
 ParOldGen       total 153088K, used 78370K [0x00000000a0000000, 0x00000000a9580000, 0x00000000e0000000)
  object space 153088K, 51% used [0x00000000a0000000,0x00000000a4c88938,0x00000000a9580000)
 Metaspace       used 71625K, capacity 73750K, committed 75824K, reserved 1116160K
  class space    used 9003K, capacity 9342K, committed 9776K, reserved 1048576K
}
Event: 3005.459 GC heap before
{Heap before GC invocations=36 (full 7):
 PSYoungGen      total 421888K, used 36032K [0x00000000e0000000, 0x00000000fd900000, 0x0000000100000000)
  eden space 360448K, 0% used [0x00000000e0000000,0x00000000e0000000,0x00000000f6000000)
  from space 61440K, 58% used [0x00000000f6000000,0x00000000f83300e0,0x00000000f9c00000)
  to   space 61952K, 0% used [0x00000000f9c80000,0x00000000f9c80000,0x00000000fd900000)
 ParOldGen       total 153088K, used 78370K [0x00000000a0000000, 0x00000000a9580000, 0x00000000e0000000)
  object space 153088K, 51% used [0x00000000a0000000,0x00000000a4c88938,0x00000000a9580000)
 Metaspace       used 71625K, capacity 73750K, committed 75824K, reserved 1116160K
  class space    used 9003K, capacity 9342K, committed 9776K, reserved 1048576K
Event: 3006.136 GC heap after
Heap after GC invocations=36 (full 7):
 PSYoungGen      total 421888K, used 0K [0x00000000e0000000, 0x00000000fd900000, 0x0000000100000000)
  eden space 360448K, 0% used [0x00000000e0000000,0x00000000e0000000,0x00000000f6000000)
  from space 61440K, 0% used [0x00000000f6000000,0x00000000f6000000,0x00000000f9c00000)
  to   space 61952K, 0% used [0x00000000f9c80000,0x00000000f9c80000,0x00000000fd900000)
 ParOldGen       total 153088K, used 42121K [0x00000000a0000000, 0x00000000a9580000, 0x00000000e0000000)
  object space 153088K, 27% used [0x00000000a0000000,0x00000000a2922620,0x00000000a9580000)
 Metaspace       used 71592K, capacity 73666K, committed 75824K, reserved 1116160K
  class space    used 8995K, capacity 9328K, committed 9776K, reserved 1048576K
}

